<?xml version="1.0" encoding="UTF-8"?>
<!-- Generated by org.testng.reporters.JUnitReportReporter -->
<testsuite hostname="DESKTOP-57EUCTP" failures="0" tests="1" name="TestOne" time="8.733" errors="0" timestamp="2023-11-10T22:55:22 EET" skipped="0">
  <testcase classname="TestOne" name="TestLogin" time="8.733"/>
  <system-out/>
</testsuite> <!-- TestOne -->
